  기본 12-3.cpp
  기본 12-6.cpp
D:\CookC\Chapter 12\기본 12-3.cpp(10,2): error C4996: 'scanf': This function or variable may be unsafe. Consider using scanf_s instead. To disable deprecation, use _CRT_SECURE_NO_WARNINGS. See online help for details.
D:\CookC\Chapter 12\기본 12-3.cpp(16,3): error C4996: 'scanf': This function or variable may be unsafe. Consider using scanf_s instead. To disable deprecation, use _CRT_SECURE_NO_WARNINGS. See online help for details.
D:\CookC\Chapter 12\기본 12-6.cpp(3,6): warning C4326: 'main'의 반환 형식이 'int'이어야 하는데 'void'입니다.
D:\CookC\Chapter 12\기본 12-6.cpp(9,3): error C3861: 'gets': 식별자를 찾을 수 없습니다.
  배열과 포인터 예제.cpp
  배열과 포인터 예제2.cpp
  예제32.cpp
D:\CookC\Chapter 12\예제32.cpp(6,6): warning C4326: 'main'의 반환 형식이 'int'이어야 하는데 'void'입니다.
D:\CookC\Chapter 12\예제32.cpp(9,35): warning C4474: 'scanf' : 서식 문자열에 전달된 인수가 너무 많습니다.
      D:\CookC\Chapter 12\예제32.cpp(9,35):
      자리 표시자 및 해당 매개 변수에는 variadic 인수가 0개 필요하지만 1개가 제공되었습니다.
  
D:\CookC\Chapter 12\예제32.cpp(14,3): error C2664: 'int printf(const char *const ,...)': 인수 1을(를) 'int'에서 'const char *const '(으)로 변환할 수 없습니다.
      D:\CookC\Chapter 12\예제32.cpp(14,11):
      정수 계열 형식에서 포인터 형식으로 변환하려면 reinterpret_cast, C 스타일 캐스트 또는 괄호가 있는 함수 스타일 캐스트가 필요합니다.
      C:\Program Files (x86)\Windows Kits\10\Include\10.0.22621.0\ucrt\stdio.h(950,37):
      'printf' 선언을 참조하십시오.
      D:\CookC\Chapter 12\예제32.cpp(14,3):
      인수 목록 '(int, const char [13])'을(를) 일치시키는 동안
  
D:\CookC\Chapter 12\예제32.cpp(15,9): warning C4476: 'scanf' : 서식 지정자에 알 수 없는 형식 필드 문자 ' '이(가) 있습니다.
D:\CookC\Chapter 12\예제32.cpp(15,30): warning C4474: 'scanf' : 서식 문자열에 전달된 인수가 너무 많습니다.
      D:\CookC\Chapter 12\예제32.cpp(15,30):
      자리 표시자 및 해당 매개 변수에는 variadic 인수가 0개 필요하지만 1개가 제공되었습니다.
  
  응용 12-7.cpp
D:\CookC\Chapter 12\응용 12-7.cpp(5,6): warning C4326: 'main'의 반환 형식이 'int'이어야 하는데 'void'입니다.
D:\CookC\Chapter 12\응용 12-7.cpp(16,16): warning C4267: '=': 'size_t'에서 'int'(으)로 변환하면서 데이터가 손실될 수 있습니다.
D:\CookC\Chapter 12\응용 12-7.cpp(20,3): error C4996: 'strcpy': This function or variable may be unsafe. Consider using strcpy_s instead. To disable deprecation, use _CRT_SECURE_NO_WARNINGS. See online help for details.
  이중포인터.cpp
  코드를 생성하고 있습니다...
